2015-05-07T12:27:13+03:00 DEBUG Setting can_add_song = 1 for user 2633
2015-05-07T13:09:19+03:00 DEBUG Setting can_add_song = 1 for user 1
2015-05-07T13:09:19+03:00 DEBUG {"1":{"can_change_permissions":"1"}}
2015-05-07T13:09:54+03:00 DEBUG Setting can_change_song = 1 for user 2633
2015-05-07T13:09:54+03:00 DEBUG {"1":{"can_change_permissions":"1"}}
2015-05-07T13:09:54+03:00 DEBUG {"1":{"can_change_permissions":"1"},"2633":{"can_change_song":"1"}}
2015-05-07T13:12:26+03:00 DEBUG Setting can_add_song = 1 for user 2651
2015-05-07T13:12:26+03:00 DEBUG {"1":{"can_change_permissions":"1"}}
2015-05-07T13:12:26+03:00 DEBUG {"1":{"can_change_permissions":"1"},"2651":{"can_add_song":"1"}}
2015-05-07T13:12:26+03:00 DEBUG UPDATE weekendv2_rooms SET user_options='{"1":{"can_change_permissions":"1"}}' WHERE id=1 LIMIT 1
2015-05-07T13:13:25+03:00 DEBUG Setting can_change_song = 1 for user 1
2015-06-20T14:52:21+02:00 DEBUG Setting can_add_song = 1 for user 56
2015-06-20T15:16:14+02:00 DEBUG Setting user flag for 1
2015-06-20T15:16:16+02:00 DEBUG Setting user flag for 1
2015-06-20T15:16:28+02:00 DEBUG Setting user flag for 1
2015-06-20T15:16:30+02:00 DEBUG Setting user flag for 1
2015-06-20T15:16:42+02:00 DEBUG Setting user flag for 1
2015-06-20T15:16:56+02:00 DEBUG Setting admin flag for 1
2015-06-20T15:16:57+02:00 DEBUG Setting admin flag for 1
2015-06-20T15:17:09+02:00 DEBUG Setting admin flag for 1
2015-06-20T15:17:11+02:00 DEBUG Setting admin flag for 1
2015-06-20T15:17:23+02:00 DEBUG Setting admin flag for 1
2015-06-20T15:17:35+02:00 DEBUG Setting admin flag for 1
2015-06-20T15:17:47+02:00 DEBUG Setting admin flag for 1
2015-06-20T15:18:00+02:00 DEBUG Setting admin flag for 1
2015-06-20T15:18:02+02:00 DEBUG Setting admin flag for 1
2015-06-20T15:18:11+02:00 DEBUG Setting admin flag for 1
2015-06-20T15:18:13+02:00 DEBUG Setting admin flag for 1
2015-06-20T15:18:15+02:00 DEBUG Setting admin flag for 1
2015-06-20T15:18:27+02:00 DEBUG Setting admin flag for 1
2015-06-20T15:18:39+02:00 DEBUG Setting admin flag for 1
2015-06-20T15:18:51+02:00 DEBUG Setting admin flag for 1
2015-06-20T15:19:03+02:00 DEBUG Setting admin flag for 1
2015-06-20T15:19:15+02:00 DEBUG Setting admin flag for 1
2015-06-20T16:59:59+02:00 DEBUG Setting can_change_permissions = 1 for user 1
